<?xml version="1.0" encoding="UTF-8"?>
<!-- Generated by org.testng.reporters.JUnitXMLReporter -->
<testsuite ignored="24" hostname="7ussien" failures="0" tests="18" name="com.automationExercise.TestCases" time="71.907" errors="0" timestamp="2024-10-23T21:44:46 EEST">
  <testcase classname="com.automationExercise.TestCases.SignupLoginPage" name="testSignUpFieldSuccessfully" time="3.489"/>
  <testcase classname="com.automationExercise.TestCases.UserRegistrationTest" name="UserRegistrationSuccessfully" time="3.371"/>
  <testcase classname="com.automationExercise.TestCases.SignUpSuccessfulTest" name="checkSuccessMsgAfterSignUp" time="3.212"/>
  <testcase classname="com.automationExercise.TestCases.DeleteAccountTest" name="DeleteAccount" time="2.835"/>
  <testcase classname="com.automationExercise.TestCases.LoginTest" name="UserLoginWithInvalidData" time="4.508"/>
  <testcase classname="com.automationExercise.TestCases.LoginTest" name="UserLoginWithValidData" time="7.345"/>
  <testcase classname="com.automationExercise.TestCases.SearchTest" name="UserCanSearchWithPartialProduct" time="9.546"/>
  <testcase classname="com.automationExercise.TestCases.SearchTest" name="UserCanSearchWithProduct" time="5.152"/>
  <testcase classname="com.automationExercise.TestCases.ContactUsTest" name="UserContactUs" time="2.75"/>
  <testcase classname="com.automationExercise.TestCases.ContactUsTest" name="UserReturnToHomePage" time="2.794"/>
  <testcase classname="com.automationExercise.TestCases.SubscriptionInHomepageTest" name="UserSubscriptionInHomePage" time="0.477"/>
  <testcase classname="com.automationExercise.TestCases.ProductDetailsTest" name="userReviewProduct" time="7.141"/>
  <testcase classname="com.automationExercise.TestCases.ProductDetailsTest" name="userAddProductToCartFromProductsPage" time="2.898"/>
  <testcase classname="com.automationExercise.TestCases.ProductDetailsTest" name="userAddProductToCartFromProductDetails" time="7.311"/>
  <testcase classname="com.automationExercise.TestCases.CartTest" name="registeredUserAddToCart" time="1.232"/>
  <testcase classname="com.automationExercise.TestCases.CheckoutTest" name="RegisteredUserCheckout" time="1.45"/>
  <testcase classname="com.automationExercise.TestCases.PaymentTest" name="userEnterCard" time="3.333"/>
  <testcase classname="com.automationExercise.TestCases.PlaceOrderTest" name="userCanDownloadInvoices" time="2.67"/>
  <testcase classname="com.automationExercise.TestCases.TestBase" name="@AfterSuite closeDriver" time="0.0">
    <ignored/>
  </testcase> <!-- @AfterSuite closeDriver -->
  <testcase classname="com.automationExercise.TestCases.TestBase" name="@BeforeSuite setDriver" time="0.0">
    <ignored/>
  </testcase> <!-- @BeforeSuite setDriver -->
  <testcase classname="com.automationExercise.TestCases.TestBase" name="@AfterSuite closeDriver" time="0.0">
    <ignored/>
  </testcase> <!-- @AfterSuite closeDriver -->
  <testcase classname="com.automationExercise.TestCases.TestBase" name="@AfterSuite closeDriver" time="0.0">
    <ignored/>
  </testcase> <!-- @AfterSuite closeDriver -->
  <testcase classname="com.automationExercise.TestCases.TestBase" name="@AfterSuite closeDriver" time="0.0">
    <ignored/>
  </testcase> <!-- @AfterSuite closeDriver -->
  <testcase classname="com.automationExercise.TestCases.TestBase" name="@BeforeSuite setDriver" time="0.0">
    <ignored/>
  </testcase> <!-- @BeforeSuite setDriver -->
  <testcase classname="com.automationExercise.TestCases.TestBase" name="@AfterSuite closeDriver" time="0.0">
    <ignored/>
  </testcase> <!-- @AfterSuite closeDriver -->
  <testcase classname="com.automationExercise.TestCases.TestBase" name="@AfterSuite closeDriver" time="0.0">
    <ignored/>
  </testcase> <!-- @AfterSuite closeDriver -->
  <testcase classname="com.automationExercise.TestCases.TestBase" name="@BeforeSuite setDriver" time="0.0">
    <ignored/>
  </testcase> <!-- @BeforeSuite setDriver -->
  <testcase classname="com.automationExercise.TestCases.TestBase" name="@AfterSuite closeDriver" time="0.0">
    <ignored/>
  </testcase> <!-- @AfterSuite closeDriver -->
  <testcase classname="com.automationExercise.TestCases.TestBase" name="@BeforeSuite setDriver" time="0.0">
    <ignored/>
  </testcase> <!-- @BeforeSuite setDriver -->
  <testcase classname="com.automationExercise.TestCases.TestBase" name="@AfterSuite closeDriver" time="0.0">
    <ignored/>
  </testcase> <!-- @AfterSuite closeDriver -->
  <testcase classname="com.automationExercise.TestCases.TestBase" name="@BeforeSuite setDriver" time="0.0">
    <ignored/>
  </testcase> <!-- @BeforeSuite setDriver -->
  <testcase classname="com.automationExercise.TestCases.TestBase" name="@AfterSuite closeDriver" time="0.0">
    <ignored/>
  </testcase> <!-- @AfterSuite closeDriver -->
  <testcase classname="com.automationExercise.TestCases.TestBase" name="@BeforeSuite setDriver" time="0.0">
    <ignored/>
  </testcase> <!-- @BeforeSuite setDriver -->
  <testcase classname="com.automationExercise.TestCases.TestBase" name="@BeforeSuite setDriver" time="0.0">
    <ignored/>
  </testcase> <!-- @BeforeSuite setDriver -->
  <testcase classname="com.automationExercise.TestCases.TestBase" name="@BeforeSuite setDriver" time="0.0">
    <ignored/>
  </testcase> <!-- @BeforeSuite setDriver -->
  <testcase classname="com.automationExercise.TestCases.TestBase" name="@AfterSuite closeDriver" time="0.0">
    <ignored/>
  </testcase> <!-- @AfterSuite closeDriver -->
  <testcase classname="com.automationExercise.TestCases.TestBase" name="@AfterSuite closeDriver" time="0.0">
    <ignored/>
  </testcase> <!-- @AfterSuite closeDriver -->
  <testcase classname="com.automationExercise.TestCases.TestBase" name="@BeforeSuite setDriver" time="0.0">
    <ignored/>
  </testcase> <!-- @BeforeSuite setDriver -->
  <testcase classname="com.automationExercise.TestCases.TestBase" name="@BeforeSuite setDriver" time="0.0">
    <ignored/>
  </testcase> <!-- @BeforeSuite setDriver -->
  <testcase classname="com.automationExercise.TestCases.TestBase" name="@BeforeSuite setDriver" time="0.0">
    <ignored/>
  </testcase> <!-- @BeforeSuite setDriver -->
  <testcase classname="com.automationExercise.TestCases.TestBase" name="@AfterSuite closeDriver" time="0.0">
    <ignored/>
  </testcase> <!-- @AfterSuite closeDriver -->
  <testcase classname="com.automationExercise.TestCases.TestBase" name="@BeforeSuite setDriver" time="0.0">
    <ignored/>
  </testcase> <!-- @BeforeSuite setDriver -->
</testsuite> <!-- com.automationExercise.TestCases -->
